/home/thehoa/hospital_robot_nav/install/nav2_simple_navigation/share/ament_index/resource_index/packages/nav2_simple_navigation
/home/thehoa/hospital_robot_nav/install/nav2_simple_navigation/share/nav2_simple_navigation/package.xml
/home/thehoa/hospital_robot_nav/install/nav2_simple_navigation/share/nav2_simple_navigation/launch/navigation2.launch.py
/home/thehoa/hospital_robot_nav/install/nav2_simple_navigation/share/nav2_simple_navigation/launch/nav2_control.launch.py
/home/thehoa/hospital_robot_nav/install/nav2_simple_navigation/share/nav2_simple_navigation/launch/ekf.launch.py
/home/thehoa/hospital_robot_nav/install/nav2_simple_navigation/share/nav2_simple_navigation/config/ekf.yaml
/home/thehoa/hospital_robot_nav/install/nav2_simple_navigation/share/nav2_simple_navigation/config/mapper_params.yaml
/home/thehoa/hospital_robot_nav/install/nav2_simple_navigation/share/nav2_simple_navigation/config/hospital_map.yaml
/home/thehoa/hospital_robot_nav/install/nav2_simple_navigation/share/nav2_simple_navigation/config/nav2_hospital_params.yaml
/home/thehoa/hospital_robot_nav/install/nav2_simple_navigation/share/nav2_simple_navigation/config/hospital_map.pgm
/home/thehoa/hospital_robot_nav/install/nav2_simple_navigation/share/nav2_simple_navigation/rviz/tb3_navigation2.rviz
/home/thehoa/hospital_robot_nav/install/nav2_simple_navigation/lib/python3.12/site-packages/nav2_simple_navigation-0.0.0-py3.12.egg-info/top_level.txt
/home/thehoa/hospital_robot_nav/install/nav2_simple_navigation/lib/python3.12/site-packages/nav2_simple_navigation-0.0.0-py3.12.egg-info/PKG-INFO
/home/thehoa/hospital_robot_nav/install/nav2_simple_navigation/lib/python3.12/site-packages/nav2_simple_navigation-0.0.0-py3.12.egg-info/dependency_links.txt
/home/thehoa/hospital_robot_nav/install/nav2_simple_navigation/lib/python3.12/site-packages/nav2_simple_navigation-0.0.0-py3.12.egg-info/requires.txt
/home/thehoa/hospital_robot_nav/install/nav2_simple_navigation/lib/python3.12/site-packages/nav2_simple_navigation-0.0.0-py3.12.egg-info/zip-safe
/home/thehoa/hospital_robot_nav/install/nav2_simple_navigation/lib/python3.12/site-packages/nav2_simple_navigation-0.0.0-py3.12.egg-info/SOURCES.txt
/home/thehoa/hospital_robot_nav/install/nav2_simple_navigation/lib/python3.12/site-packages/nav2_simple_navigation-0.0.0-py3.12.egg-info/entry_points.txt
/home/thehoa/hospital_robot_nav/install/nav2_simple_navigation/lib/nav2_simple_navigation/bt_nav
/home/thehoa/hospital_robot_nav/install/nav2_simple_navigation/lib/nav2_simple_navigation/circle_nav
/home/thehoa/hospital_robot_nav/install/nav2_simple_navigation/lib/nav2_simple_navigation/square_nav
/home/thehoa/hospital_robot_nav/install/nav2_simple_navigation/lib/nav2_simple_navigation/yaw_debugger
