[0.103s] DEBUG:colcon:Command line arguments: ['/usr/bin/colcon', 'build', '--symlink-install']
[0.103s] DEBUG:colcon:Parsed command line arguments: Namespace(log_base=None, log_level=None, verb_name='build', build_base='build', install_base='install', merge_install=False, symlink_install=True, test_result_base=None, continue_on_error=False, executor='parallel', parallel_workers=12, event_handlers=None, ignore_user_meta=False, metas=['./colcon.meta'], base_paths=['.'], packages_ignore=None, packages_ignore_regex=None, paths=None, packages_up_to=None, packages_up_to_regex=None, packages_above=None, packages_above_and_dependencies=None, packages_above_depth=None, packages_select_by_dep=None, packages_skip_by_dep=None, packages_skip_up_to=None, packages_select_build_failed=False, packages_skip_build_finished=False, packages_select_test_failures=False, packages_skip_test_passed=False, packages_select=None, packages_skip=None, packages_select_regex=None, packages_skip_regex=None, packages_start=None, packages_end=None, allow_overriding=[], cmake_args=None, cmake_target=None, cmake_target_skip_unavailable=False, cmake_clean_cache=False, cmake_clean_first=False, cmake_force_configure=False, ament_cmake_args=None, catkin_cmake_args=None, catkin_skip_building_tests=False, verb_parser=<colcon_defaults.argument_parser.defaults.DefaultArgumentsDecorator object at 0x71f989d834d0>, verb_extension=<colcon_core.verb.build.BuildVerb object at 0x71f989eabce0>, main=<bound method BuildVerb.main of <colcon_core.verb.build.BuildVerb object at 0x71f989eabce0>>)
[0.148s] Level 1:colcon.colcon_core.package_discovery:discover_packages(colcon_meta) check parameters
[0.149s] Level 1:colcon.colcon_core.package_discovery:discover_packages(recursive) check parameters
[0.149s] Level 1:colcon.colcon_core.package_discovery:discover_packages(ignore) check parameters
[0.149s] Level 1:colcon.colcon_core.package_discovery:discover_packages(path) check parameters
[0.149s] Level 1:colcon.colcon_core.package_discovery:discover_packages(colcon_meta) discover
[0.149s] Level 1:colcon.colcon_core.package_discovery:discover_packages(recursive) discover
[0.149s] INFO:colcon.colcon_core.package_discovery:Crawling recursively for packages in '/home/thehoa/hospital_robot_nav'
[0.149s] Level 1:colcon.colcon_core.package_identification:_identify(.) by extensions ['ignore', 'ignore_ament_install']
[0.149s] Level 1:colcon.colcon_core.package_identification:_identify(.) by extension 'ignore'
[0.149s] Level 1:colcon.colcon_core.package_identification:_identify(.) by extension 'ignore_ament_install'
[0.149s] Level 1:colcon.colcon_core.package_identification:_identify(.) by extensions ['colcon_pkg']
[0.149s] Level 1:colcon.colcon_core.package_identification:_identify(.) by extension 'colcon_pkg'
[0.149s] Level 1:colcon.colcon_core.package_identification:_identify(.) by extensions ['colcon_meta']
[0.149s] Level 1:colcon.colcon_core.package_identification:_identify(.) by extension 'colcon_meta'
[0.149s] Level 1:colcon.colcon_core.package_identification:_identify(.) by extensions ['ros']
[0.149s] Level 1:colcon.colcon_core.package_identification:_identify(.) by extension 'ros'
[0.169s] Level 1:colcon.colcon_core.package_identification:_identify(.) by extensions ['cmake', 'python']
[0.169s] Level 1:colcon.colcon_core.package_identification:_identify(.) by extension 'cmake'
[0.169s] Level 1:colcon.colcon_core.package_identification:_identify(.) by extension 'python'
[0.169s] Level 1:colcon.colcon_core.package_identification:_identify(.) by extensions ['python_setup_py']
[0.169s] Level 1:colcon.colcon_core.package_identification:_identify(.) by extension 'python_setup_py'
[0.170s] Level 1:colcon.colcon_core.package_identification:_identify(build) by extensions ['ignore', 'ignore_ament_install']
[0.170s] Level 1:colcon.colcon_core.package_identification:_identify(build) by extension 'ignore'
[0.170s] Level 1:colcon.colcon_core.package_identification:_identify(build) ignored
[0.170s] Level 1:colcon.colcon_core.package_identification:_identify(install) by extensions ['ignore', 'ignore_ament_install']
[0.170s] Level 1:colcon.colcon_core.package_identification:_identify(install) by extension 'ignore'
[0.170s] Level 1:colcon.colcon_core.package_identification:_identify(install) ignored
[0.170s] Level 1:colcon.colcon_core.package_identification:_identify(log) by extensions ['ignore', 'ignore_ament_install']
[0.170s] Level 1:colcon.colcon_core.package_identification:_identify(log) by extension 'ignore'
[0.170s] Level 1:colcon.colcon_core.package_identification:_identify(log) ignored
[0.170s] Level 1:colcon.colcon_core.package_identification:_identify(src) by extensions ['ignore', 'ignore_ament_install']
[0.170s] Level 1:colcon.colcon_core.package_identification:_identify(src) by extension 'ignore'
[0.170s] Level 1:colcon.colcon_core.package_identification:_identify(src) by extension 'ignore_ament_install'
[0.170s] Level 1:colcon.colcon_core.package_identification:_identify(src) by extensions ['colcon_pkg']
[0.170s] Level 1:colcon.colcon_core.package_identification:_identify(src) by extension 'colcon_pkg'
[0.170s] Level 1:colcon.colcon_core.package_identification:_identify(src) by extensions ['colcon_meta']
[0.170s] Level 1:colcon.colcon_core.package_identification:_identify(src) by extension 'colcon_meta'
[0.170s] Level 1:colcon.colcon_core.package_identification:_identify(src) by extensions ['ros']
[0.170s] Level 1:colcon.colcon_core.package_identification:_identify(src) by extension 'ros'
[0.170s] Level 1:colcon.colcon_core.package_identification:_identify(src) by extensions ['cmake', 'python']
[0.170s] Level 1:colcon.colcon_core.package_identification:_identify(src) by extension 'cmake'
[0.170s] Level 1:colcon.colcon_core.package_identification:_identify(src) by extension 'python'
[0.170s] Level 1:colcon.colcon_core.package_identification:_identify(src) by extensions ['python_setup_py']
[0.170s] Level 1:colcon.colcon_core.package_identification:_identify(src) by extension 'python_setup_py'
[0.170s] Level 1:colcon.colcon_core.package_identification:_identify(src/hospital_robot) by extensions ['ignore', 'ignore_ament_install']
[0.170s] Level 1:colcon.colcon_core.package_identification:_identify(src/hospital_robot) by extension 'ignore'
[0.170s] Level 1:colcon.colcon_core.package_identification:_identify(src/hospital_robot) by extension 'ignore_ament_install'
[0.171s] Level 1:colcon.colcon_core.package_identification:_identify(src/hospital_robot) by extensions ['colcon_pkg']
[0.171s] Level 1:colcon.colcon_core.package_identification:_identify(src/hospital_robot) by extension 'colcon_pkg'
[0.171s] Level 1:colcon.colcon_core.package_identification:_identify(src/hospital_robot) by extensions ['colcon_meta']
[0.171s] Level 1:colcon.colcon_core.package_identification:_identify(src/hospital_robot) by extension 'colcon_meta'
[0.171s] Level 1:colcon.colcon_core.package_identification:_identify(src/hospital_robot) by extensions ['ros']
[0.171s] Level 1:colcon.colcon_core.package_identification:_identify(src/hospital_robot) by extension 'ros'
[0.173s] DEBUG:colcon.colcon_core.package_identification:Package 'src/hospital_robot' with type 'ros.ament_cmake' and name 'hospital_robot'
[0.173s] Level 1:colcon.colcon_core.package_identification:_identify(src/nav2_simple_navigation) by extensions ['ignore', 'ignore_ament_install']
[0.173s] Level 1:colcon.colcon_core.package_identification:_identify(src/nav2_simple_navigation) by extension 'ignore'
[0.173s] Level 1:colcon.colcon_core.package_identification:_identify(src/nav2_simple_navigation) by extension 'ignore_ament_install'
[0.173s] Level 1:colcon.colcon_core.package_identification:_identify(src/nav2_simple_navigation) by extensions ['colcon_pkg']
[0.173s] Level 1:colcon.colcon_core.package_identification:_identify(src/nav2_simple_navigation) by extension 'colcon_pkg'
[0.173s] Level 1:colcon.colcon_core.package_identification:_identify(src/nav2_simple_navigation) by extensions ['colcon_meta']
[0.173s] Level 1:colcon.colcon_core.package_identification:_identify(src/nav2_simple_navigation) by extension 'colcon_meta'
[0.173s] Level 1:colcon.colcon_core.package_identification:_identify(src/nav2_simple_navigation) by extensions ['ros']
[0.173s] Level 1:colcon.colcon_core.package_identification:_identify(src/nav2_simple_navigation) by extension 'ros'
[0.174s] DEBUG:colcon.colcon_core.package_identification:Package 'src/nav2_simple_navigation' with type 'ros.ament_python' and name 'nav2_simple_navigation'
[0.174s] Level 1:colcon.colcon_core.package_discovery:discover_packages(recursive) using defaults
[0.174s] Level 1:colcon.colcon_core.package_discovery:discover_packages(ignore) discover
[0.174s] Level 1:colcon.colcon_core.package_discovery:discover_packages(ignore) using defaults
[0.174s] Level 1:colcon.colcon_core.package_discovery:discover_packages(path) discover
[0.174s] Level 1:colcon.colcon_core.package_discovery:discover_packages(path) using defaults
[0.189s] Level 1:colcon.colcon_core.package_discovery:discover_packages(prefix_path) check parameters
[0.189s] Level 1:colcon.colcon_core.package_discovery:discover_packages(prefix_path) discover
[0.190s] DEBUG:colcon.colcon_installed_package_information.package_discovery:Found 2 installed packages in /home/thehoa/hospital_robot_nav/install
[0.192s] DEBUG:colcon.colcon_installed_package_information.package_discovery:Found 517 installed packages in /opt/ros/jazzy
[0.194s] Level 1:colcon.colcon_core.package_discovery:discover_packages(prefix_path) using defaults
[0.236s] Level 5:colcon.colcon_core.verb:set package 'hospital_robot' build argument 'cmake_args' from command line to 'None'
[0.236s] Level 5:colcon.colcon_core.verb:set package 'hospital_robot' build argument 'cmake_target' from command line to 'None'
[0.236s] Level 5:colcon.colcon_core.verb:set package 'hospital_robot' build argument 'cmake_target_skip_unavailable' from command line to 'False'
[0.236s] Level 5:colcon.colcon_core.verb:set package 'hospital_robot' build argument 'cmake_clean_cache' from command line to 'False'
[0.236s] Level 5:colcon.colcon_core.verb:set package 'hospital_robot' build argument 'cmake_clean_first' from command line to 'False'
[0.236s] Level 5:colcon.colcon_core.verb:set package 'hospital_robot' build argument 'cmake_force_configure' from command line to 'False'
[0.236s] Level 5:colcon.colcon_core.verb:set package 'hospital_robot' build argument 'ament_cmake_args' from command line to 'None'
[0.236s] Level 5:colcon.colcon_core.verb:set package 'hospital_robot' build argument 'catkin_cmake_args' from command line to 'None'
[0.236s] Level 5:colcon.colcon_core.verb:set package 'hospital_robot' build argument 'catkin_skip_building_tests' from command line to 'False'
[0.236s] DEBUG:colcon.colcon_core.verb:Building package 'hospital_robot' with the following arguments: {'ament_cmake_args': None, 'build_base': '/home/thehoa/hospital_robot_nav/build/hospital_robot', 'catkin_cmake_args': None, 'catkin_skip_building_tests': False, 'cmake_args': None, 'cmake_clean_cache': False, 'cmake_clean_first': False, 'cmake_force_configure': False, 'cmake_target': None, 'cmake_target_skip_unavailable': False, 'install_base': '/home/thehoa/hospital_robot_nav/install/hospital_robot', 'merge_install': False, 'path': '/home/thehoa/hospital_robot_nav/src/hospital_robot', 'symlink_install': True, 'test_result_base': None}
[0.236s] Level 5:colcon.colcon_core.verb:set package 'nav2_simple_navigation' build argument 'cmake_args' from command line to 'None'
[0.236s] Level 5:colcon.colcon_core.verb:set package 'nav2_simple_navigation' build argument 'cmake_target' from command line to 'None'
[0.236s] Level 5:colcon.colcon_core.verb:set package 'nav2_simple_navigation' build argument 'cmake_target_skip_unavailable' from command line to 'False'
[0.236s] Level 5:colcon.colcon_core.verb:set package 'nav2_simple_navigation' build argument 'cmake_clean_cache' from command line to 'False'
[0.236s] Level 5:colcon.colcon_core.verb:set package 'nav2_simple_navigation' build argument 'cmake_clean_first' from command line to 'False'
[0.236s] Level 5:colcon.colcon_core.verb:set package 'nav2_simple_navigation' build argument 'cmake_force_configure' from command line to 'False'
[0.236s] Level 5:colcon.colcon_core.verb:set package 'nav2_simple_navigation' build argument 'ament_cmake_args' from command line to 'None'
[0.236s] Level 5:colcon.colcon_core.verb:set package 'nav2_simple_navigation' build argument 'catkin_cmake_args' from command line to 'None'
[0.236s] Level 5:colcon.colcon_core.verb:set package 'nav2_simple_navigation' build argument 'catkin_skip_building_tests' from command line to 'False'
[0.236s] DEBUG:colcon.colcon_core.verb:Building package 'nav2_simple_navigation' with the following arguments: {'ament_cmake_args': None, 'build_base': '/home/thehoa/hospital_robot_nav/build/nav2_simple_navigation', 'catkin_cmake_args': None, 'catkin_skip_building_tests': False, 'cmake_args': None, 'cmake_clean_cache': False, 'cmake_clean_first': False, 'cmake_force_configure': False, 'cmake_target': None, 'cmake_target_skip_unavailable': False, 'install_base': '/home/thehoa/hospital_robot_nav/install/nav2_simple_navigation', 'merge_install': False, 'path': '/home/thehoa/hospital_robot_nav/src/nav2_simple_navigation', 'symlink_install': True, 'test_result_base': None}
[0.236s] INFO:colcon.colcon_core.executor:Executing jobs using 'parallel' executor
[0.237s] DEBUG:colcon.colcon_parallel_executor.executor.parallel:run_until_complete
[0.238s] INFO:colcon.colcon_ros.task.ament_cmake.build:Building ROS package in '/home/thehoa/hospital_robot_nav/src/hospital_robot' with build type 'ament_cmake'
[0.238s] INFO:colcon.colcon_cmake.task.cmake.build:Building CMake package in '/home/thehoa/hospital_robot_nav/src/hospital_robot'
[0.239s] INFO:colcon.colcon_core.plugin_system:Skipping extension 'colcon_core.shell.bat': Not used on non-Windows systems
[0.239s] INFO:colcon.colcon_core.shell:Skip shell extension 'powershell' for command environment: Not usable outside of PowerShell
[0.239s] DEBUG:colcon.colcon_core.shell:Skip shell extension 'dsv' for command environment
[0.243s] INFO:colcon.colcon_ros.task.ament_python.build:Building ROS package in '/home/thehoa/hospital_robot_nav/src/nav2_simple_navigation' with build type 'ament_python'
[0.243s] Level 1:colcon.colcon_core.shell:create_environment_hook('nav2_simple_navigation', 'ament_prefix_path')
[0.244s] INFO:colcon.colcon_core.shell:Creating environment hook '/home/thehoa/hospital_robot_nav/install/nav2_simple_navigation/share/nav2_simple_navigation/hook/ament_prefix_path.ps1'
[0.244s] INFO:colcon.colcon_core.shell:Creating environment descriptor '/home/thehoa/hospital_robot_nav/install/nav2_simple_navigation/share/nav2_simple_navigation/hook/ament_prefix_path.dsv'
[0.245s] INFO:colcon.colcon_core.shell:Creating environment hook '/home/thehoa/hospital_robot_nav/install/nav2_simple_navigation/share/nav2_simple_navigation/hook/ament_prefix_path.sh'
[0.245s] INFO:colcon.colcon_core.shell:Skip shell extension 'powershell' for command environment: Not usable outside of PowerShell
[0.245s] DEBUG:colcon.colcon_core.shell:Skip shell extension 'dsv' for command environment
[0.251s] DEBUG:colcon.colcon_core.event_handler.log_command:Invoking command in '/home/thehoa/hospital_robot_nav/build/hospital_robot': CMAKE_PREFIX_PATH=${CMAKE_PREFIX_PATH}:/home/thehoa/hospital_robot_nav/install/nav2_simple_navigation:/opt/ros/jazzy DEBUGINFOD_URLS=https://debuginfod.ubuntu.com /usr/bin/cmake /home/thehoa/hospital_robot_nav/src/hospital_robot -DAMENT_CMAKE_SYMLINK_INSTALL=1 -DCMAKE_INSTALL_PREFIX=/home/thehoa/hospital_robot_nav/install/hospital_robot
[0.461s] INFO:colcon.colcon_core.task.python.build:Building Python package in '/home/thehoa/hospital_robot_nav/src/nav2_simple_navigation'
[0.461s] INFO:colcon.colcon_core.shell:Skip shell extension 'powershell' for command environment: Not usable outside of PowerShell
[0.461s] DEBUG:colcon.colcon_core.shell:Skip shell extension 'dsv' for command environment
[0.890s] DEBUG:colcon.colcon_core.event_handler.log_command:Invoked command in '/home/thehoa/hospital_robot_nav/build/hospital_robot' returned '0': CMAKE_PREFIX_PATH=${CMAKE_PREFIX_PATH}:/home/thehoa/hospital_robot_nav/install/nav2_simple_navigation:/opt/ros/jazzy DEBUGINFOD_URLS=https://debuginfod.ubuntu.com /usr/bin/cmake /home/thehoa/hospital_robot_nav/src/hospital_robot -DAMENT_CMAKE_SYMLINK_INSTALL=1 -DCMAKE_INSTALL_PREFIX=/home/thehoa/hospital_robot_nav/install/hospital_robot
[0.892s] DEBUG:colcon.colcon_core.event_handler.log_command:Invoking command in '/home/thehoa/hospital_robot_nav/build/hospital_robot': CMAKE_PREFIX_PATH=${CMAKE_PREFIX_PATH}:/home/thehoa/hospital_robot_nav/install/nav2_simple_navigation:/opt/ros/jazzy DEBUGINFOD_URLS=https://debuginfod.ubuntu.com /usr/bin/cmake --build /home/thehoa/hospital_robot_nav/build/hospital_robot -- -j12 -l12
[0.933s] DEBUG:colcon.colcon_core.event_handler.log_command:Invoked command in '/home/thehoa/hospital_robot_nav/build/hospital_robot' returned '0': CMAKE_PREFIX_PATH=${CMAKE_PREFIX_PATH}:/home/thehoa/hospital_robot_nav/install/nav2_simple_navigation:/opt/ros/jazzy DEBUGINFOD_URLS=https://debuginfod.ubuntu.com /usr/bin/cmake --build /home/thehoa/hospital_robot_nav/build/hospital_robot -- -j12 -l12
[0.944s] DEBUG:colcon.colcon_core.event_handler.log_command:Invoking command in '/home/thehoa/hospital_robot_nav/build/hospital_robot': CMAKE_PREFIX_PATH=${CMAKE_PREFIX_PATH}:/home/thehoa/hospital_robot_nav/install/nav2_simple_navigation:/opt/ros/jazzy DEBUGINFOD_URLS=https://debuginfod.ubuntu.com /usr/bin/cmake --install /home/thehoa/hospital_robot_nav/build/hospital_robot
[0.945s] DEBUG:colcon.colcon_core.task.python.build:While undoing a previous installation files outside the Python library path are being ignored: /home/thehoa/hospital_robot_nav/install/nav2_simple_navigation/share/ament_index/resource_index/packages/nav2_simple_navigation
[0.945s] DEBUG:colcon.colcon_core.task.python.build:While undoing a previous installation files outside the Python library path are being ignored: /home/thehoa/hospital_robot_nav/install/nav2_simple_navigation/share/nav2_simple_navigation/package.xml
[0.945s] DEBUG:colcon.colcon_core.task.python.build:While undoing a previous installation files outside the Python library path are being ignored: /home/thehoa/hospital_robot_nav/install/nav2_simple_navigation/share/nav2_simple_navigation/launch/navigation2.launch.py
[0.945s] DEBUG:colcon.colcon_core.task.python.build:While undoing a previous installation files outside the Python library path are being ignored: /home/thehoa/hospital_robot_nav/install/nav2_simple_navigation/share/nav2_simple_navigation/launch/nav2_control.launch.py
[0.945s] DEBUG:colcon.colcon_core.task.python.build:While undoing a previous installation files outside the Python library path are being ignored: /home/thehoa/hospital_robot_nav/install/nav2_simple_navigation/share/nav2_simple_navigation/launch/ekf.launch.py
[0.945s] DEBUG:colcon.colcon_core.task.python.build:While undoing a previous installation files outside the Python library path are being ignored: /home/thehoa/hospital_robot_nav/install/nav2_simple_navigation/share/nav2_simple_navigation/config/ekf.yaml
[0.945s] DEBUG:colcon.colcon_core.task.python.build:While undoing a previous installation files outside the Python library path are being ignored: /home/thehoa/hospital_robot_nav/install/nav2_simple_navigation/share/nav2_simple_navigation/config/mapper_params.yaml
[0.945s] DEBUG:colcon.colcon_core.task.python.build:While undoing a previous installation files outside the Python library path are being ignored: /home/thehoa/hospital_robot_nav/install/nav2_simple_navigation/share/nav2_simple_navigation/config/hospital_map.yaml
[0.945s] DEBUG:colcon.colcon_core.task.python.build:While undoing a previous installation files outside the Python library path are being ignored: /home/thehoa/hospital_robot_nav/install/nav2_simple_navigation/share/nav2_simple_navigation/config/nav2_params_wo_BT.yaml
[0.945s] DEBUG:colcon.colcon_core.task.python.build:While undoing a previous installation files outside the Python library path are being ignored: /home/thehoa/hospital_robot_nav/install/nav2_simple_navigation/share/nav2_simple_navigation/config/nav2_hospital_params.yaml
[0.945s] DEBUG:colcon.colcon_core.task.python.build:While undoing a previous installation files outside the Python library path are being ignored: /home/thehoa/hospital_robot_nav/install/nav2_simple_navigation/share/nav2_simple_navigation/config/hospital_map.pgm
[0.945s] DEBUG:colcon.colcon_core.task.python.build:While undoing a previous installation files outside the Python library path are being ignored: /home/thehoa/hospital_robot_nav/install/nav2_simple_navigation/share/nav2_simple_navigation/config/nav2_params.yaml
[0.945s] DEBUG:colcon.colcon_core.task.python.build:While undoing a previous installation files outside the Python library path are being ignored: /home/thehoa/hospital_robot_nav/install/nav2_simple_navigation/share/nav2_simple_navigation/rviz/tb3_navigation2.rviz
[0.946s] DEBUG:colcon.colcon_core.task.python.build:While undoing a previous installation files outside the Python library path are being ignored: /home/thehoa/hospital_robot_nav/install/nav2_simple_navigation/lib/nav2_simple_navigation/bt_nav
[0.946s] DEBUG:colcon.colcon_core.task.python.build:While undoing a previous installation files outside the Python library path are being ignored: /home/thehoa/hospital_robot_nav/install/nav2_simple_navigation/lib/nav2_simple_navigation/circle_nav
[0.946s] DEBUG:colcon.colcon_core.task.python.build:While undoing a previous installation files outside the Python library path are being ignored: /home/thehoa/hospital_robot_nav/install/nav2_simple_navigation/lib/nav2_simple_navigation/square_nav
[0.946s] DEBUG:colcon.colcon_core.task.python.build:While undoing a previous installation files outside the Python library path are being ignored: /home/thehoa/hospital_robot_nav/install/nav2_simple_navigation/lib/nav2_simple_navigation/yaw_debugger
[0.947s] DEBUG:colcon.colcon_core.event_handler.log_command:Invoking command in '/home/thehoa/hospital_robot_nav/build/nav2_simple_navigation': DEBUGINFOD_URLS=https://debuginfod.ubuntu.com PYTHONPATH=/home/thehoa/hospital_robot_nav/build/nav2_simple_navigation/prefix_override:/usr/lib/python3/dist-packages/colcon_core/task/python/colcon_distutils_commands:/home/thehoa/hospital_robot_nav/install/nav2_simple_navigation/lib/python3.12/site-packages:${PYTHONPATH} /usr/bin/python3 -W ignore:setup.py install is deprecated -W ignore:easy_install command is deprecated setup.py develop --editable --build-directory /home/thehoa/hospital_robot_nav/build/nav2_simple_navigation/build --no-deps symlink_data --force
[1.065s] Level 1:colcon.colcon_core.environment:create_environment_scripts_only(hospital_robot)
[1.065s] DEBUG:colcon.colcon_core.event_handler.log_command:Invoked command in '/home/thehoa/hospital_robot_nav/build/hospital_robot' returned '0': CMAKE_PREFIX_PATH=${CMAKE_PREFIX_PATH}:/home/thehoa/hospital_robot_nav/install/nav2_simple_navigation:/opt/ros/jazzy DEBUGINFOD_URLS=https://debuginfod.ubuntu.com /usr/bin/cmake --install /home/thehoa/hospital_robot_nav/build/hospital_robot
[1.067s] Level 1:colcon.colcon_core.environment:checking '/home/thehoa/hospital_robot_nav/install/hospital_robot' for CMake module files
[1.067s] Level 1:colcon.colcon_core.environment:checking '/home/thehoa/hospital_robot_nav/install/hospital_robot' for CMake config files
[1.067s] Level 1:colcon.colcon_core.shell:create_environment_hook('hospital_robot', 'cmake_prefix_path')
[1.068s] INFO:colcon.colcon_core.shell:Creating environment hook '/home/thehoa/hospital_robot_nav/install/hospital_robot/share/hospital_robot/hook/cmake_prefix_path.ps1'
[1.068s] INFO:colcon.colcon_core.shell:Creating environment descriptor '/home/thehoa/hospital_robot_nav/install/hospital_robot/share/hospital_robot/hook/cmake_prefix_path.dsv'
[1.068s] INFO:colcon.colcon_core.shell:Creating environment hook '/home/thehoa/hospital_robot_nav/install/hospital_robot/share/hospital_robot/hook/cmake_prefix_path.sh'
[1.069s] Level 1:colcon.colcon_core.environment:checking '/home/thehoa/hospital_robot_nav/install/hospital_robot/bin'
[1.069s] Level 1:colcon.colcon_core.environment:checking '/home/thehoa/hospital_robot_nav/install/hospital_robot/lib/pkgconfig/hospital_robot.pc'
[1.069s] Level 1:colcon.colcon_core.environment:checking '/home/thehoa/hospital_robot_nav/install/hospital_robot/lib/python3.12/site-packages'
[1.069s] Level 1:colcon.colcon_core.environment:checking '/home/thehoa/hospital_robot_nav/install/hospital_robot/bin'
[1.069s] INFO:colcon.colcon_core.shell:Creating package script '/home/thehoa/hospital_robot_nav/install/hospital_robot/share/hospital_robot/package.ps1'
[1.082s] INFO:colcon.colcon_core.shell:Creating package descriptor '/home/thehoa/hospital_robot_nav/install/hospital_robot/share/hospital_robot/package.dsv'
[1.082s] INFO:colcon.colcon_core.shell:Creating package script '/home/thehoa/hospital_robot_nav/install/hospital_robot/share/hospital_robot/package.sh'
[1.082s] INFO:colcon.colcon_core.shell:Creating package script '/home/thehoa/hospital_robot_nav/install/hospital_robot/share/hospital_robot/package.bash'
[1.083s] INFO:colcon.colcon_core.shell:Creating package script '/home/thehoa/hospital_robot_nav/install/hospital_robot/share/hospital_robot/package.zsh'
[1.083s] Level 1:colcon.colcon_core.environment:create_file_with_runtime_dependencies(/home/thehoa/hospital_robot_nav/install/hospital_robot/share/colcon-core/packages/hospital_robot)
[1.084s] Level 1:colcon.colcon_core.environment:create_environment_scripts_only(hospital_robot)
[1.084s] Level 1:colcon.colcon_core.environment:checking '/home/thehoa/hospital_robot_nav/install/hospital_robot' for CMake module files
[1.084s] Level 1:colcon.colcon_core.environment:checking '/home/thehoa/hospital_robot_nav/install/hospital_robot' for CMake config files
[1.084s] Level 1:colcon.colcon_core.shell:create_environment_hook('hospital_robot', 'cmake_prefix_path')
[1.084s] INFO:colcon.colcon_core.shell:Creating environment hook '/home/thehoa/hospital_robot_nav/install/hospital_robot/share/hospital_robot/hook/cmake_prefix_path.ps1'
[1.085s] INFO:colcon.colcon_core.shell:Creating environment descriptor '/home/thehoa/hospital_robot_nav/install/hospital_robot/share/hospital_robot/hook/cmake_prefix_path.dsv'
[1.085s] INFO:colcon.colcon_core.shell:Creating environment hook '/home/thehoa/hospital_robot_nav/install/hospital_robot/share/hospital_robot/hook/cmake_prefix_path.sh'
[1.085s] Level 1:colcon.colcon_core.environment:checking '/home/thehoa/hospital_robot_nav/install/hospital_robot/bin'
[1.085s] Level 1:colcon.colcon_core.environment:checking '/home/thehoa/hospital_robot_nav/install/hospital_robot/lib/pkgconfig/hospital_robot.pc'
[1.086s] Level 1:colcon.colcon_core.environment:checking '/home/thehoa/hospital_robot_nav/install/hospital_robot/lib/python3.12/site-packages'
[1.086s] Level 1:colcon.colcon_core.environment:checking '/home/thehoa/hospital_robot_nav/install/hospital_robot/bin'
[1.086s] INFO:colcon.colcon_core.shell:Creating package script '/home/thehoa/hospital_robot_nav/install/hospital_robot/share/hospital_robot/package.ps1'
[1.086s] INFO:colcon.colcon_core.shell:Creating package descriptor '/home/thehoa/hospital_robot_nav/install/hospital_robot/share/hospital_robot/package.dsv'
[1.087s] INFO:colcon.colcon_core.shell:Creating package script '/home/thehoa/hospital_robot_nav/install/hospital_robot/share/hospital_robot/package.sh'
[1.087s] INFO:colcon.colcon_core.shell:Creating package script '/home/thehoa/hospital_robot_nav/install/hospital_robot/share/hospital_robot/package.bash'
[1.087s] INFO:colcon.colcon_core.shell:Creating package script '/home/thehoa/hospital_robot_nav/install/hospital_robot/share/hospital_robot/package.zsh'
[1.087s] Level 1:colcon.colcon_core.environment:create_file_with_runtime_dependencies(/home/thehoa/hospital_robot_nav/install/hospital_robot/share/colcon-core/packages/hospital_robot)
[1.454s] Level 1:colcon.colcon_core.shell:create_environment_hook('nav2_simple_navigation', 'pythonpath_develop')
[1.454s] INFO:colcon.colcon_core.shell:Creating environment hook '/home/thehoa/hospital_robot_nav/build/nav2_simple_navigation/share/nav2_simple_navigation/hook/pythonpath_develop.ps1'
[1.454s] DEBUG:colcon.colcon_core.event_handler.log_command:Invoked command in '/home/thehoa/hospital_robot_nav/build/nav2_simple_navigation' returned '0': DEBUGINFOD_URLS=https://debuginfod.ubuntu.com PYTHONPATH=/home/thehoa/hospital_robot_nav/build/nav2_simple_navigation/prefix_override:/usr/lib/python3/dist-packages/colcon_core/task/python/colcon_distutils_commands:/home/thehoa/hospital_robot_nav/install/nav2_simple_navigation/lib/python3.12/site-packages:${PYTHONPATH} /usr/bin/python3 -W ignore:setup.py install is deprecated -W ignore:easy_install command is deprecated setup.py develop --editable --build-directory /home/thehoa/hospital_robot_nav/build/nav2_simple_navigation/build --no-deps symlink_data --force
[1.455s] INFO:colcon.colcon_core.shell:Creating environment descriptor '/home/thehoa/hospital_robot_nav/build/nav2_simple_navigation/share/nav2_simple_navigation/hook/pythonpath_develop.dsv'
[1.455s] INFO:colcon.colcon_core.shell:Creating environment hook '/home/thehoa/hospital_robot_nav/build/nav2_simple_navigation/share/nav2_simple_navigation/hook/pythonpath_develop.sh'
[1.456s] Level 1:colcon.colcon_core.environment:checking '/home/thehoa/hospital_robot_nav/install/nav2_simple_navigation' for CMake module files
[1.456s] Level 1:colcon.colcon_core.environment:checking '/home/thehoa/hospital_robot_nav/install/nav2_simple_navigation' for CMake config files
[1.457s] Level 1:colcon.colcon_core.environment:checking '/home/thehoa/hospital_robot_nav/install/nav2_simple_navigation/lib'
[1.457s] Level 1:colcon.colcon_core.environment:checking '/home/thehoa/hospital_robot_nav/install/nav2_simple_navigation/bin'
[1.457s] Level 1:colcon.colcon_core.environment:checking '/home/thehoa/hospital_robot_nav/install/nav2_simple_navigation/lib/pkgconfig/nav2_simple_navigation.pc'
[1.457s] Level 1:colcon.colcon_core.environment:checking '/home/thehoa/hospital_robot_nav/install/nav2_simple_navigation/lib/python3.12/site-packages'
[1.457s] Level 1:colcon.colcon_core.shell:create_environment_hook('nav2_simple_navigation', 'pythonpath')
[1.457s] INFO:colcon.colcon_core.shell:Creating environment hook '/home/thehoa/hospital_robot_nav/install/nav2_simple_navigation/share/nav2_simple_navigation/hook/pythonpath.ps1'
[1.458s] INFO:colcon.colcon_core.shell:Creating environment descriptor '/home/thehoa/hospital_robot_nav/install/nav2_simple_navigation/share/nav2_simple_navigation/hook/pythonpath.dsv'
[1.458s] INFO:colcon.colcon_core.shell:Creating environment hook '/home/thehoa/hospital_robot_nav/install/nav2_simple_navigation/share/nav2_simple_navigation/hook/pythonpath.sh'
[1.458s] Level 1:colcon.colcon_core.environment:checking '/home/thehoa/hospital_robot_nav/install/nav2_simple_navigation/bin'
[1.458s] Level 1:colcon.colcon_core.environment:create_environment_scripts_only(nav2_simple_navigation)
[1.459s] INFO:colcon.colcon_core.shell:Creating package script '/home/thehoa/hospital_robot_nav/install/nav2_simple_navigation/share/nav2_simple_navigation/package.ps1'
[1.459s] INFO:colcon.colcon_core.shell:Creating package descriptor '/home/thehoa/hospital_robot_nav/install/nav2_simple_navigation/share/nav2_simple_navigation/package.dsv'
[1.459s] INFO:colcon.colcon_core.shell:Creating package script '/home/thehoa/hospital_robot_nav/install/nav2_simple_navigation/share/nav2_simple_navigation/package.sh'
[1.459s] INFO:colcon.colcon_core.shell:Creating package script '/home/thehoa/hospital_robot_nav/install/nav2_simple_navigation/share/nav2_simple_navigation/package.bash'
[1.460s] INFO:colcon.colcon_core.shell:Creating package script '/home/thehoa/hospital_robot_nav/install/nav2_simple_navigation/share/nav2_simple_navigation/package.zsh'
[1.460s] Level 1:colcon.colcon_core.environment:create_file_with_runtime_dependencies(/home/thehoa/hospital_robot_nav/install/nav2_simple_navigation/share/colcon-core/packages/nav2_simple_navigation)
[1.460s] DEBUG:colcon.colcon_parallel_executor.executor.parallel:closing loop
[1.461s] DEBUG:colcon.colcon_parallel_executor.executor.parallel:loop closed
[1.461s] DEBUG:colcon.colcon_parallel_executor.executor.parallel:run_until_complete finished with '0'
[1.461s] DEBUG:colcon.colcon_core.event_reactor:joining thread
[1.469s] INFO:colcon.colcon_core.plugin_system:Skipping extension 'colcon_notification.desktop_notification.terminal_notifier': Not used on non-Darwin systems
[1.470s] INFO:colcon.colcon_core.plugin_system:Skipping extension 'colcon_notification.desktop_notification.win32': Not used on non-Windows systems
[1.470s] INFO:colcon.colcon_notification.desktop_notification:Sending desktop notification using 'notify2'
[1.487s] DEBUG:colcon.colcon_core.event_reactor:joined thread
[1.487s] INFO:colcon.colcon_core.shell:Creating prefix script '/home/thehoa/hospital_robot_nav/install/local_setup.ps1'
[1.488s] INFO:colcon.colcon_core.shell:Creating prefix util module '/home/thehoa/hospital_robot_nav/install/_local_setup_util_ps1.py'
[1.489s] INFO:colcon.colcon_core.shell:Creating prefix chain script '/home/thehoa/hospital_robot_nav/install/setup.ps1'
[1.490s] INFO:colcon.colcon_core.shell:Creating prefix script '/home/thehoa/hospital_robot_nav/install/local_setup.sh'
[1.491s] INFO:colcon.colcon_core.shell:Creating prefix util module '/home/thehoa/hospital_robot_nav/install/_local_setup_util_sh.py'
[1.491s] INFO:colcon.colcon_core.shell:Creating prefix chain script '/home/thehoa/hospital_robot_nav/install/setup.sh'
[1.492s] INFO:colcon.colcon_core.shell:Creating prefix script '/home/thehoa/hospital_robot_nav/install/local_setup.bash'
[1.492s] INFO:colcon.colcon_core.shell:Creating prefix chain script '/home/thehoa/hospital_robot_nav/install/setup.bash'
[1.493s] INFO:colcon.colcon_core.shell:Creating prefix script '/home/thehoa/hospital_robot_nav/install/local_setup.zsh'
[1.494s] INFO:colcon.colcon_core.shell:Creating prefix chain script '/home/thehoa/hospital_robot_nav/install/setup.zsh'
