[0.696s] Invoking command in '/home/thehoa/hospital_robot_nav/build/nav2_simple_navigation': DEBUGINFOD_URLS=https://debuginfod.ubuntu.com PYTHONPATH=/home/thehoa/hospital_robot_nav/build/nav2_simple_navigation/prefix_override:/usr/lib/python3/dist-packages/colcon_core/task/python/colcon_distutils_commands:/home/thehoa/hospital_robot_nav/install/nav2_simple_navigation/lib/python3.12/site-packages:${PYTHONPATH} /usr/bin/python3 -W ignore:setup.py install is deprecated -W ignore:easy_install command is deprecated setup.py develop --editable --build-directory /home/thehoa/hospital_robot_nav/build/nav2_simple_navigation/build --no-deps symlink_data
[0.962s] running develop
[1.113s] running egg_info
[1.128s] writing nav2_simple_navigation.egg-info/PKG-INFO
[1.128s] writing dependency_links to nav2_simple_navigation.egg-info/dependency_links.txt
[1.128s] writing entry points to nav2_simple_navigation.egg-info/entry_points.txt
[1.128s] writing requirements to nav2_simple_navigation.egg-info/requires.txt
[1.128s] writing top-level names to nav2_simple_navigation.egg-info/top_level.txt
[1.143s] reading manifest file 'nav2_simple_navigation.egg-info/SOURCES.txt'
[1.143s] writing manifest file 'nav2_simple_navigation.egg-info/SOURCES.txt'
[1.159s] running build_ext
[1.173s] Creating /home/thehoa/hospital_robot_nav/install/nav2_simple_navigation/lib/python3.12/site-packages/nav2-simple-navigation.egg-link (link to .)
[1.174s] Installing bt_nav script to /home/thehoa/hospital_robot_nav/install/nav2_simple_navigation/lib/nav2_simple_navigation
[1.175s] Installing circle_nav script to /home/thehoa/hospital_robot_nav/install/nav2_simple_navigation/lib/nav2_simple_navigation
[1.175s] Installing square_nav script to /home/thehoa/hospital_robot_nav/install/nav2_simple_navigation/lib/nav2_simple_navigation
[1.175s] Installing yaw_debugger script to /home/thehoa/hospital_robot_nav/install/nav2_simple_navigation/lib/nav2_simple_navigation
[1.175s] 
[1.175s] Installed /home/thehoa/hospital_robot_nav/build/nav2_simple_navigation
[1.175s] running symlink_data
[1.175s] error: can't copy '/home/thehoa/hospital_robot_nav/build/nav2_simple_navigation/config/nav2_params_wo_BT.yaml': doesn't exist or not a regular file
[1.219s] Invoked command in '/home/thehoa/hospital_robot_nav/build/nav2_simple_navigation' returned '1': DEBUGINFOD_URLS=https://debuginfod.ubuntu.com PYTHONPATH=/home/thehoa/hospital_robot_nav/build/nav2_simple_navigation/prefix_override:/usr/lib/python3/dist-packages/colcon_core/task/python/colcon_distutils_commands:/home/thehoa/hospital_robot_nav/install/nav2_simple_navigation/lib/python3.12/site-packages:${PYTHONPATH} /usr/bin/python3 -W ignore:setup.py install is deprecated -W ignore:easy_install command is deprecated setup.py develop --editable --build-directory /home/thehoa/hospital_robot_nav/build/nav2_simple_navigation/build --no-deps symlink_data
