[0.654s] Invoking command in '/home/thehoa/hospital_robot_nav/build/nav2_simple_navigation': DEBUGINFOD_URLS=https://debuginfod.ubuntu.com PYTHONPATH=/home/thehoa/hospital_robot_nav/build/nav2_simple_navigation/prefix_override:/usr/lib/python3/dist-packages/colcon_core/task/python/colcon_distutils_commands:/home/thehoa/hospital_robot_nav/install/nav2_simple_navigation/lib/python3.12/site-packages:${PYTHONPATH} /usr/bin/python3 -W ignore:setup.py install is deprecated -W ignore:easy_install command is deprecated setup.py develop --editable --build-directory /home/thehoa/hospital_robot_nav/build/nav2_simple_navigation/build --no-deps symlink_data --force
[0.875s] running develop
[1.006s] running egg_info
[1.019s] writing nav2_simple_navigation.egg-info/PKG-INFO
[1.020s] writing dependency_links to nav2_simple_navigation.egg-info/dependency_links.txt
[1.020s] writing entry points to nav2_simple_navigation.egg-info/entry_points.txt
[1.020s] writing requirements to nav2_simple_navigation.egg-info/requires.txt
[1.020s] writing top-level names to nav2_simple_navigation.egg-info/top_level.txt
[1.046s] reading manifest file 'nav2_simple_navigation.egg-info/SOURCES.txt'
[1.047s] writing manifest file 'nav2_simple_navigation.egg-info/SOURCES.txt'
[1.061s] running build_ext
[1.061s] Creating /home/thehoa/hospital_robot_nav/install/nav2_simple_navigation/lib/python3.12/site-packages/nav2-simple-navigation.egg-link (link to .)
[1.061s] Installing bt_nav script to /home/thehoa/hospital_robot_nav/install/nav2_simple_navigation/lib/nav2_simple_navigation
[1.061s] Installing circle_nav script to /home/thehoa/hospital_robot_nav/install/nav2_simple_navigation/lib/nav2_simple_navigation
[1.061s] Installing square_nav script to /home/thehoa/hospital_robot_nav/install/nav2_simple_navigation/lib/nav2_simple_navigation
[1.061s] Installing yaw_debugger script to /home/thehoa/hospital_robot_nav/install/nav2_simple_navigation/lib/nav2_simple_navigation
[1.062s] 
[1.062s] Installed /home/thehoa/hospital_robot_nav/build/nav2_simple_navigation
[1.062s] running symlink_data
[1.062s] symbolically linking /home/thehoa/hospital_robot_nav/build/nav2_simple_navigation/resource/nav2_simple_navigation -> /home/thehoa/hospital_robot_nav/install/nav2_simple_navigation/share/ament_index/resource_index/packages
[1.062s] symbolically linking /home/thehoa/hospital_robot_nav/build/nav2_simple_navigation/package.xml -> /home/thehoa/hospital_robot_nav/install/nav2_simple_navigation/share/nav2_simple_navigation
[1.062s] symbolically linking /home/thehoa/hospital_robot_nav/build/nav2_simple_navigation/launch/nav2_control.launch.py -> /home/thehoa/hospital_robot_nav/install/nav2_simple_navigation/share/nav2_simple_navigation/launch
[1.062s] symbolically linking /home/thehoa/hospital_robot_nav/build/nav2_simple_navigation/launch/ekf.launch.py -> /home/thehoa/hospital_robot_nav/install/nav2_simple_navigation/share/nav2_simple_navigation/launch
[1.062s] symbolically linking /home/thehoa/hospital_robot_nav/build/nav2_simple_navigation/config/ekf.yaml -> /home/thehoa/hospital_robot_nav/install/nav2_simple_navigation/share/nav2_simple_navigation/config
[1.062s] symbolically linking /home/thehoa/hospital_robot_nav/build/nav2_simple_navigation/config/mapper_params.yaml -> /home/thehoa/hospital_robot_nav/install/nav2_simple_navigation/share/nav2_simple_navigation/config
[1.062s] symbolically linking /home/thehoa/hospital_robot_nav/build/nav2_simple_navigation/config/hospital_map.yaml -> /home/thehoa/hospital_robot_nav/install/nav2_simple_navigation/share/nav2_simple_navigation/config
[1.062s] symbolically linking /home/thehoa/hospital_robot_nav/build/nav2_simple_navigation/config/nav2_params_wo_BT.yaml -> /home/thehoa/hospital_robot_nav/install/nav2_simple_navigation/share/nav2_simple_navigation/config
[1.062s] symbolically linking /home/thehoa/hospital_robot_nav/build/nav2_simple_navigation/config/rooms.yaml -> /home/thehoa/hospital_robot_nav/install/nav2_simple_navigation/share/nav2_simple_navigation/config
[1.062s] symbolically linking /home/thehoa/hospital_robot_nav/build/nav2_simple_navigation/config/nav2_params.yaml -> /home/thehoa/hospital_robot_nav/install/nav2_simple_navigation/share/nav2_simple_navigation/config
[1.086s] Invoked command in '/home/thehoa/hospital_robot_nav/build/nav2_simple_navigation' returned '0': DEBUGINFOD_URLS=https://debuginfod.ubuntu.com PYTHONPATH=/home/thehoa/hospital_robot_nav/build/nav2_simple_navigation/prefix_override:/usr/lib/python3/dist-packages/colcon_core/task/python/colcon_distutils_commands:/home/thehoa/hospital_robot_nav/install/nav2_simple_navigation/lib/python3.12/site-packages:${PYTHONPATH} /usr/bin/python3 -W ignore:setup.py install is deprecated -W ignore:easy_install command is deprecated setup.py develop --editable --build-directory /home/thehoa/hospital_robot_nav/build/nav2_simple_navigation/build --no-deps symlink_data --force
