[0.567s] Invoking command in '/home/thehoa/hospital_robot_nav/build/nav2_simple_navigation': DEBUGINFOD_URLS=https://debuginfod.ubuntu.com PYTHONPATH=/home/thehoa/hospital_robot_nav/build/nav2_simple_navigation/prefix_override:/usr/lib/python3/dist-packages/colcon_core/task/python/colcon_distutils_commands:/home/thehoa/hospital_robot_nav/install/nav2_simple_navigation/lib/python3.12/site-packages:${PYTHONPATH} /usr/bin/python3 -W ignore:setup.py install is deprecated -W ignore:easy_install command is deprecated setup.py develop --editable --build-directory /home/thehoa/hospital_robot_nav/build/nav2_simple_navigation/build --no-deps symlink_data
[0.785s] running develop
[0.915s] running egg_info
[0.915s] creating nav2_simple_navigation.egg-info
[0.928s] writing nav2_simple_navigation.egg-info/PKG-INFO
[0.928s] writing dependency_links to nav2_simple_navigation.egg-info/dependency_links.txt
[0.928s] writing entry points to nav2_simple_navigation.egg-info/entry_points.txt
[0.928s] writing requirements to nav2_simple_navigation.egg-info/requires.txt
[0.928s] writing top-level names to nav2_simple_navigation.egg-info/top_level.txt
[0.929s] writing manifest file 'nav2_simple_navigation.egg-info/SOURCES.txt'
[0.941s] reading manifest file 'nav2_simple_navigation.egg-info/SOURCES.txt'
[0.942s] writing manifest file 'nav2_simple_navigation.egg-info/SOURCES.txt'
[0.955s] running build_ext
[0.968s] Creating /home/thehoa/hospital_robot_nav/install/nav2_simple_navigation/lib/python3.12/site-packages/nav2-simple-navigation.egg-link (link to .)
[0.969s] Installing bt_nav script to /home/thehoa/hospital_robot_nav/install/nav2_simple_navigation/lib/nav2_simple_navigation
[0.969s] Installing circle_nav script to /home/thehoa/hospital_robot_nav/install/nav2_simple_navigation/lib/nav2_simple_navigation
[0.969s] Installing square_nav script to /home/thehoa/hospital_robot_nav/install/nav2_simple_navigation/lib/nav2_simple_navigation
[0.969s] Installing yaw_debugger script to /home/thehoa/hospital_robot_nav/install/nav2_simple_navigation/lib/nav2_simple_navigation
[0.969s] 
[0.969s] Installed /home/thehoa/hospital_robot_nav/build/nav2_simple_navigation
[0.969s] running symlink_data
[0.969s] creating /home/thehoa/hospital_robot_nav/install/nav2_simple_navigation/share/ament_index
[0.970s] creating /home/thehoa/hospital_robot_nav/install/nav2_simple_navigation/share/ament_index/resource_index
[0.970s] creating /home/thehoa/hospital_robot_nav/install/nav2_simple_navigation/share/ament_index/resource_index/packages
[0.970s] symbolically linking /home/thehoa/hospital_robot_nav/build/nav2_simple_navigation/resource/nav2_simple_navigation -> /home/thehoa/hospital_robot_nav/install/nav2_simple_navigation/share/ament_index/resource_index/packages
[0.970s] symbolically linking /home/thehoa/hospital_robot_nav/build/nav2_simple_navigation/package.xml -> /home/thehoa/hospital_robot_nav/install/nav2_simple_navigation/share/nav2_simple_navigation
[0.970s] creating /home/thehoa/hospital_robot_nav/install/nav2_simple_navigation/share/nav2_simple_navigation/launch
[0.970s] symbolically linking /home/thehoa/hospital_robot_nav/build/nav2_simple_navigation/launch/navigation2.launch.py -> /home/thehoa/hospital_robot_nav/install/nav2_simple_navigation/share/nav2_simple_navigation/launch
[0.970s] symbolically linking /home/thehoa/hospital_robot_nav/build/nav2_simple_navigation/launch/nav2_control.launch.py -> /home/thehoa/hospital_robot_nav/install/nav2_simple_navigation/share/nav2_simple_navigation/launch
[0.970s] symbolically linking /home/thehoa/hospital_robot_nav/build/nav2_simple_navigation/launch/ekf.launch.py -> /home/thehoa/hospital_robot_nav/install/nav2_simple_navigation/share/nav2_simple_navigation/launch
[0.970s] creating /home/thehoa/hospital_robot_nav/install/nav2_simple_navigation/share/nav2_simple_navigation/config
[0.970s] symbolically linking /home/thehoa/hospital_robot_nav/build/nav2_simple_navigation/config/ekf.yaml -> /home/thehoa/hospital_robot_nav/install/nav2_simple_navigation/share/nav2_simple_navigation/config
[0.970s] symbolically linking /home/thehoa/hospital_robot_nav/build/nav2_simple_navigation/config/mapper_params.yaml -> /home/thehoa/hospital_robot_nav/install/nav2_simple_navigation/share/nav2_simple_navigation/config
[0.970s] symbolically linking /home/thehoa/hospital_robot_nav/build/nav2_simple_navigation/config/hospital_map.yaml -> /home/thehoa/hospital_robot_nav/install/nav2_simple_navigation/share/nav2_simple_navigation/config
[0.970s] symbolically linking /home/thehoa/hospital_robot_nav/build/nav2_simple_navigation/config/nav2_params_wo_BT.yaml -> /home/thehoa/hospital_robot_nav/install/nav2_simple_navigation/share/nav2_simple_navigation/config
[0.970s] symbolically linking /home/thehoa/hospital_robot_nav/build/nav2_simple_navigation/config/nav2_hospital_params.yaml -> /home/thehoa/hospital_robot_nav/install/nav2_simple_navigation/share/nav2_simple_navigation/config
[0.970s] symbolically linking /home/thehoa/hospital_robot_nav/build/nav2_simple_navigation/config/nav2_params.yaml -> /home/thehoa/hospital_robot_nav/install/nav2_simple_navigation/share/nav2_simple_navigation/config
[0.970s] creating /home/thehoa/hospital_robot_nav/install/nav2_simple_navigation/share/nav2_simple_navigation/rviz
[0.970s] symbolically linking /home/thehoa/hospital_robot_nav/build/nav2_simple_navigation/rviz/tb3_navigation2.rviz -> /home/thehoa/hospital_robot_nav/install/nav2_simple_navigation/share/nav2_simple_navigation/rviz
[0.994s] Invoked command in '/home/thehoa/hospital_robot_nav/build/nav2_simple_navigation' returned '0': DEBUGINFOD_URLS=https://debuginfod.ubuntu.com PYTHONPATH=/home/thehoa/hospital_robot_nav/build/nav2_simple_navigation/prefix_override:/usr/lib/python3/dist-packages/colcon_core/task/python/colcon_distutils_commands:/home/thehoa/hospital_robot_nav/install/nav2_simple_navigation/lib/python3.12/site-packages:${PYTHONPATH} /usr/bin/python3 -W ignore:setup.py install is deprecated -W ignore:easy_install command is deprecated setup.py develop --editable --build-directory /home/thehoa/hospital_robot_nav/build/nav2_simple_navigation/build --no-deps symlink_data
