[0.564s] Invoking command in '/home/thehoa/hospital_robot_nav/build/nav2_simple_navigation': DEBUGINFOD_URLS=https://debuginfod.ubuntu.com PYTHONPATH=/home/thehoa/hospital_robot_nav/build/nav2_simple_navigation/prefix_override:/usr/lib/python3/dist-packages/colcon_core/task/python/colcon_distutils_commands:/home/thehoa/hospital_robot_nav/install/nav2_simple_navigation/lib/python3.12/site-packages:${PYTHONPATH} /usr/bin/python3 -W ignore:setup.py install is deprecated -W ignore:easy_install command is deprecated setup.py develop --editable --build-directory /home/thehoa/hospital_robot_nav/build/nav2_simple_navigation/build --no-deps symlink_data --force
[0.795s] running develop
[0.924s] running egg_info
[0.937s] writing nav2_simple_navigation.egg-info/PKG-INFO
[0.937s] writing dependency_links to nav2_simple_navigation.egg-info/dependency_links.txt
[0.938s] writing entry points to nav2_simple_navigation.egg-info/entry_points.txt
[0.938s] writing requirements to nav2_simple_navigation.egg-info/requires.txt
[0.938s] writing top-level names to nav2_simple_navigation.egg-info/top_level.txt
[0.951s] reading manifest file 'nav2_simple_navigation.egg-info/SOURCES.txt'
[0.951s] writing manifest file 'nav2_simple_navigation.egg-info/SOURCES.txt'
[0.964s] running build_ext
[0.977s] Creating /home/thehoa/hospital_robot_nav/install/nav2_simple_navigation/lib/python3.12/site-packages/nav2-simple-navigation.egg-link (link to .)
[0.978s] Installing bt_nav script to /home/thehoa/hospital_robot_nav/install/nav2_simple_navigation/lib/nav2_simple_navigation
[0.978s] Installing circle_nav script to /home/thehoa/hospital_robot_nav/install/nav2_simple_navigation/lib/nav2_simple_navigation
[0.978s] Installing square_nav script to /home/thehoa/hospital_robot_nav/install/nav2_simple_navigation/lib/nav2_simple_navigation
[0.978s] Installing yaw_debugger script to /home/thehoa/hospital_robot_nav/install/nav2_simple_navigation/lib/nav2_simple_navigation
[0.978s] 
[0.978s] Installed /home/thehoa/hospital_robot_nav/build/nav2_simple_navigation
[0.979s] running symlink_data
[0.979s] symbolically linking /home/thehoa/hospital_robot_nav/build/nav2_simple_navigation/resource/nav2_simple_navigation -> /home/thehoa/hospital_robot_nav/install/nav2_simple_navigation/share/ament_index/resource_index/packages
[0.979s] symbolically linking /home/thehoa/hospital_robot_nav/build/nav2_simple_navigation/package.xml -> /home/thehoa/hospital_robot_nav/install/nav2_simple_navigation/share/nav2_simple_navigation
[0.979s] error: [Errno 2] No such file or directory: '/home/thehoa/hospital_robot_nav/install/nav2_simple_navigation/share/nav2_simple_navigation/launch/navigation2.launch.py'
[1.005s] Invoked command in '/home/thehoa/hospital_robot_nav/build/nav2_simple_navigation' returned '1': DEBUGINFOD_URLS=https://debuginfod.ubuntu.com PYTHONPATH=/home/thehoa/hospital_robot_nav/build/nav2_simple_navigation/prefix_override:/usr/lib/python3/dist-packages/colcon_core/task/python/colcon_distutils_commands:/home/thehoa/hospital_robot_nav/install/nav2_simple_navigation/lib/python3.12/site-packages:${PYTHONPATH} /usr/bin/python3 -W ignore:setup.py install is deprecated -W ignore:easy_install command is deprecated setup.py develop --editable --build-directory /home/thehoa/hospital_robot_nav/build/nav2_simple_navigation/build --no-deps symlink_data --force
