[0.736s] Invoking command in '/home/thehoa/hospital_robot_nav/src/nav2_simple_navigation': DEBUGINFOD_URLS=https://debuginfod.ubuntu.com PYTHONPATH=/home/thehoa/hospital_robot_nav/build/nav2_simple_navigation/prefix_override:/usr/lib/python3/dist-packages/colcon_core/task/python/colcon_distutils_commands:/home/thehoa/hospital_robot_nav/install/nav2_simple_navigation/lib/python3.12/site-packages:${PYTHONPATH} /usr/bin/python3 -W ignore:setup.py install is deprecated -W ignore:easy_install command is deprecated setup.py egg_info --egg-base ../../build/nav2_simple_navigation build --build-base /home/thehoa/hospital_robot_nav/build/nav2_simple_navigation/build install --record /home/thehoa/hospital_robot_nav/build/nav2_simple_navigation/install.log --single-version-externally-managed install_data
[1.001s] running egg_info
[1.020s] writing ../../build/nav2_simple_navigation/nav2_simple_navigation.egg-info/PKG-INFO
[1.020s] writing dependency_links to ../../build/nav2_simple_navigation/nav2_simple_navigation.egg-info/dependency_links.txt
[1.020s] writing entry points to ../../build/nav2_simple_navigation/nav2_simple_navigation.egg-info/entry_points.txt
[1.021s] writing requirements to ../../build/nav2_simple_navigation/nav2_simple_navigation.egg-info/requires.txt
[1.021s] writing top-level names to ../../build/nav2_simple_navigation/nav2_simple_navigation.egg-info/top_level.txt
[1.037s] reading manifest file '../../build/nav2_simple_navigation/nav2_simple_navigation.egg-info/SOURCES.txt'
[1.038s] writing manifest file '../../build/nav2_simple_navigation/nav2_simple_navigation.egg-info/SOURCES.txt'
[1.038s] running build
[1.038s] running install
[1.044s] running install_data
[1.044s] copying config/nav2_hospital_params.yaml -> /home/thehoa/hospital_robot_nav/install/nav2_simple_navigation/share/nav2_simple_navigation/config
[1.044s] running install_egg_info
[1.080s] removing '/home/thehoa/hospital_robot_nav/install/nav2_simple_navigation/lib/python3.12/site-packages/nav2_simple_navigation-0.0.0-py3.12.egg-info' (and everything under it)
[1.080s] Copying ../../build/nav2_simple_navigation/nav2_simple_navigation.egg-info to /home/thehoa/hospital_robot_nav/install/nav2_simple_navigation/lib/python3.12/site-packages/nav2_simple_navigation-0.0.0-py3.12.egg-info
[1.081s] running install_scripts
[1.197s] Installing bt_nav script to /home/thehoa/hospital_robot_nav/install/nav2_simple_navigation/lib/nav2_simple_navigation
[1.199s] Installing circle_nav script to /home/thehoa/hospital_robot_nav/install/nav2_simple_navigation/lib/nav2_simple_navigation
[1.199s] Installing square_nav script to /home/thehoa/hospital_robot_nav/install/nav2_simple_navigation/lib/nav2_simple_navigation
[1.199s] Installing yaw_debugger script to /home/thehoa/hospital_robot_nav/install/nav2_simple_navigation/lib/nav2_simple_navigation
[1.199s] writing list of installed files to '/home/thehoa/hospital_robot_nav/build/nav2_simple_navigation/install.log'
[1.250s] Invoked command in '/home/thehoa/hospital_robot_nav/src/nav2_simple_navigation' returned '0': DEBUGINFOD_URLS=https://debuginfod.ubuntu.com PYTHONPATH=/home/thehoa/hospital_robot_nav/build/nav2_simple_navigation/prefix_override:/usr/lib/python3/dist-packages/colcon_core/task/python/colcon_distutils_commands:/home/thehoa/hospital_robot_nav/install/nav2_simple_navigation/lib/python3.12/site-packages:${PYTHONPATH} /usr/bin/python3 -W ignore:setup.py install is deprecated -W ignore:easy_install command is deprecated setup.py egg_info --egg-base ../../build/nav2_simple_navigation build --build-base /home/thehoa/hospital_robot_nav/build/nav2_simple_navigation/build install --record /home/thehoa/hospital_robot_nav/build/nav2_simple_navigation/install.log --single-version-externally-managed install_data
