[0.644s] Invoking command in '/home/thehoa/hospital_robot_nav/src/nav2_simple_navigation': DEBUGINFOD_URLS=https://debuginfod.ubuntu.com PYTHONPATH=/home/thehoa/hospital_robot_nav/build/nav2_simple_navigation/prefix_override:/usr/lib/python3/dist-packages/colcon_core/task/python/colcon_distutils_commands:/home/thehoa/hospital_robot_nav/install/nav2_simple_navigation/lib/python3.12/site-packages:${PYTHONPATH} /usr/bin/python3 -W ignore:setup.py install is deprecated -W ignore:easy_install command is deprecated setup.py egg_info --egg-base ../../build/nav2_simple_navigation build --build-base /home/thehoa/hospital_robot_nav/build/nav2_simple_navigation/build install --record /home/thehoa/hospital_robot_nav/build/nav2_simple_navigation/install.log --single-version-externally-managed install_data
[0.857s] running egg_info
[0.872s] writing ../../build/nav2_simple_navigation/nav2_simple_navigation.egg-info/PKG-INFO
[0.872s] writing dependency_links to ../../build/nav2_simple_navigation/nav2_simple_navigation.egg-info/dependency_links.txt
[0.872s] writing entry points to ../../build/nav2_simple_navigation/nav2_simple_navigation.egg-info/entry_points.txt
[0.872s] writing requirements to ../../build/nav2_simple_navigation/nav2_simple_navigation.egg-info/requires.txt
[0.872s] writing top-level names to ../../build/nav2_simple_navigation/nav2_simple_navigation.egg-info/top_level.txt
[0.887s] reading manifest file '../../build/nav2_simple_navigation/nav2_simple_navigation.egg-info/SOURCES.txt'
[0.888s] writing manifest file '../../build/nav2_simple_navigation/nav2_simple_navigation.egg-info/SOURCES.txt'
[0.888s] running build
[0.888s] running install
[0.893s] running install_data
[0.893s] copying config/nav2_hospital_params.yaml -> /home/thehoa/hospital_robot_nav/install/nav2_simple_navigation/share/nav2_simple_navigation/config
[0.894s] running install_egg_info
[0.924s] removing '/home/thehoa/hospital_robot_nav/install/nav2_simple_navigation/lib/python3.12/site-packages/nav2_simple_navigation-0.0.0-py3.12.egg-info' (and everything under it)
[0.924s] Copying ../../build/nav2_simple_navigation/nav2_simple_navigation.egg-info to /home/thehoa/hospital_robot_nav/install/nav2_simple_navigation/lib/python3.12/site-packages/nav2_simple_navigation-0.0.0-py3.12.egg-info
[0.924s] running install_scripts
[1.024s] Installing bt_nav script to /home/thehoa/hospital_robot_nav/install/nav2_simple_navigation/lib/nav2_simple_navigation
[1.025s] Installing circle_nav script to /home/thehoa/hospital_robot_nav/install/nav2_simple_navigation/lib/nav2_simple_navigation
[1.025s] Installing square_nav script to /home/thehoa/hospital_robot_nav/install/nav2_simple_navigation/lib/nav2_simple_navigation
[1.025s] Installing yaw_debugger script to /home/thehoa/hospital_robot_nav/install/nav2_simple_navigation/lib/nav2_simple_navigation
[1.025s] writing list of installed files to '/home/thehoa/hospital_robot_nav/build/nav2_simple_navigation/install.log'
[1.057s] Invoked command in '/home/thehoa/hospital_robot_nav/src/nav2_simple_navigation' returned '0': DEBUGINFOD_URLS=https://debuginfod.ubuntu.com PYTHONPATH=/home/thehoa/hospital_robot_nav/build/nav2_simple_navigation/prefix_override:/usr/lib/python3/dist-packages/colcon_core/task/python/colcon_distutils_commands:/home/thehoa/hospital_robot_nav/install/nav2_simple_navigation/lib/python3.12/site-packages:${PYTHONPATH} /usr/bin/python3 -W ignore:setup.py install is deprecated -W ignore:easy_install command is deprecated setup.py egg_info --egg-base ../../build/nav2_simple_navigation build --build-base /home/thehoa/hospital_robot_nav/build/nav2_simple_navigation/build install --record /home/thehoa/hospital_robot_nav/build/nav2_simple_navigation/install.log --single-version-externally-managed install_data
