[0.554s] Invoking command in '/home/thehoa/hospital_robot_nav/build/nav2_simple_navigation': DEBUGINFOD_URLS=https://debuginfod.ubuntu.com PYTHONPATH=/home/thehoa/hospital_robot_nav/build/nav2_simple_navigation/prefix_override:/usr/lib/python3/dist-packages/colcon_core/task/python/colcon_distutils_commands:/home/thehoa/hospital_robot_nav/install/nav2_simple_navigation/lib/python3.12/site-packages:${PYTHONPATH} /usr/bin/python3 -W ignore:setup.py install is deprecated -W ignore:easy_install command is deprecated setup.py develop --editable --build-directory /home/thehoa/hospital_robot_nav/build/nav2_simple_navigation/build --no-deps symlink_data
[0.776s] running develop
[0.906s] running egg_info
[0.919s] writing nav2_simple_navigation.egg-info/PKG-INFO
[0.919s] writing dependency_links to nav2_simple_navigation.egg-info/dependency_links.txt
[0.919s] writing entry points to nav2_simple_navigation.egg-info/entry_points.txt
[0.919s] writing requirements to nav2_simple_navigation.egg-info/requires.txt
[0.919s] writing top-level names to nav2_simple_navigation.egg-info/top_level.txt
[0.932s] reading manifest file 'nav2_simple_navigation.egg-info/SOURCES.txt'
[0.933s] writing manifest file 'nav2_simple_navigation.egg-info/SOURCES.txt'
[0.946s] running build_ext
[0.959s] Creating /home/thehoa/hospital_robot_nav/install/nav2_simple_navigation/lib/python3.12/site-packages/nav2-simple-navigation.egg-link (link to .)
[0.959s] Installing bt_nav script to /home/thehoa/hospital_robot_nav/install/nav2_simple_navigation/lib/nav2_simple_navigation
[0.959s] Installing circle_nav script to /home/thehoa/hospital_robot_nav/install/nav2_simple_navigation/lib/nav2_simple_navigation
[0.960s] Installing square_nav script to /home/thehoa/hospital_robot_nav/install/nav2_simple_navigation/lib/nav2_simple_navigation
[0.960s] Installing yaw_debugger script to /home/thehoa/hospital_robot_nav/install/nav2_simple_navigation/lib/nav2_simple_navigation
[0.960s] 
[0.960s] Installed /home/thehoa/hospital_robot_nav/build/nav2_simple_navigation
[0.960s] running symlink_data
[0.984s] Invoked command in '/home/thehoa/hospital_robot_nav/build/nav2_simple_navigation' returned '0': DEBUGINFOD_URLS=https://debuginfod.ubuntu.com PYTHONPATH=/home/thehoa/hospital_robot_nav/build/nav2_simple_navigation/prefix_override:/usr/lib/python3/dist-packages/colcon_core/task/python/colcon_distutils_commands:/home/thehoa/hospital_robot_nav/install/nav2_simple_navigation/lib/python3.12/site-packages:${PYTHONPATH} /usr/bin/python3 -W ignore:setup.py install is deprecated -W ignore:easy_install command is deprecated setup.py develop --editable --build-directory /home/thehoa/hospital_robot_nav/build/nav2_simple_navigation/build --no-deps symlink_data
