running develop
Removing /home/thehoa/hospital_robot_nav/install/nav2_simple_navigation/lib/python3.12/site-packages/nav2-simple-navigation.egg-link (link to .)
running egg_info
writing ../../build/nav2_simple_navigation/nav2_simple_navigation.egg-info/PKG-INFO
writing dependency_links to ../../build/nav2_simple_navigation/nav2_simple_navigation.egg-info/dependency_links.txt
writing entry points to ../../build/nav2_simple_navigation/nav2_simple_navigation.egg-info/entry_points.txt
writing requirements to ../../build/nav2_simple_navigation/nav2_simple_navigation.egg-info/requires.txt
writing top-level names to ../../build/nav2_simple_navigation/nav2_simple_navigation.egg-info/top_level.txt
reading manifest file '../../build/nav2_simple_navigation/nav2_simple_navigation.egg-info/SOURCES.txt'
writing manifest file '../../build/nav2_simple_navigation/nav2_simple_navigation.egg-info/SOURCES.txt'
running build
running install
running install_data
copying resource/nav2_simple_navigation -> /home/thehoa/hospital_robot_nav/install/nav2_simple_navigation/share/ament_index/resource_index/packages
copying package.xml -> /home/thehoa/hospital_robot_nav/install/nav2_simple_navigation/share/nav2_simple_navigation
copying launch/navigation2.launch.py -> /home/thehoa/hospital_robot_nav/install/nav2_simple_navigation/share/nav2_simple_navigation/launch
copying launch/nav2_control.launch.py -> /home/thehoa/hospital_robot_nav/install/nav2_simple_navigation/share/nav2_simple_navigation/launch
copying launch/ekf.launch.py -> /home/thehoa/hospital_robot_nav/install/nav2_simple_navigation/share/nav2_simple_navigation/launch
copying config/ekf.yaml -> /home/thehoa/hospital_robot_nav/install/nav2_simple_navigation/share/nav2_simple_navigation/config
copying config/mapper_params.yaml -> /home/thehoa/hospital_robot_nav/install/nav2_simple_navigation/share/nav2_simple_navigation/config
copying config/hospital_map.yaml -> /home/thehoa/hospital_robot_nav/install/nav2_simple_navigation/share/nav2_simple_navigation/config
copying config/nav2_params_wo_BT.yaml -> /home/thehoa/hospital_robot_nav/install/nav2_simple_navigation/share/nav2_simple_navigation/config
copying config/nav2_hospital_params.yaml -> /home/thehoa/hospital_robot_nav/install/nav2_simple_navigation/share/nav2_simple_navigation/config
copying config/hospital_map.pgm -> /home/thehoa/hospital_robot_nav/install/nav2_simple_navigation/share/nav2_simple_navigation/config
copying config/nav2_params.yaml -> /home/thehoa/hospital_robot_nav/install/nav2_simple_navigation/share/nav2_simple_navigation/config
copying rviz/tb3_navigation2.rviz -> /home/thehoa/hospital_robot_nav/install/nav2_simple_navigation/share/nav2_simple_navigation/rviz
running install_egg_info
Copying ../../build/nav2_simple_navigation/nav2_simple_navigation.egg-info to /home/thehoa/hospital_robot_nav/install/nav2_simple_navigation/lib/python3.12/site-packages/nav2_simple_navigation-0.0.0-py3.12.egg-info
running install_scripts
Installing bt_nav script to /home/thehoa/hospital_robot_nav/install/nav2_simple_navigation/lib/nav2_simple_navigation
Installing circle_nav script to /home/thehoa/hospital_robot_nav/install/nav2_simple_navigation/lib/nav2_simple_navigation
Installing square_nav script to /home/thehoa/hospital_robot_nav/install/nav2_simple_navigation/lib/nav2_simple_navigation
Installing yaw_debugger script to /home/thehoa/hospital_robot_nav/install/nav2_simple_navigation/lib/nav2_simple_navigation
writing list of installed files to '/home/thehoa/hospital_robot_nav/build/nav2_simple_navigation/install.log'
